android/app/build/intermediates/manifest_merge_blame_file/release/manifest-merger-blame-release-report.txt
1<?xml version="1.0" encoding="utf-8"?>
2<manifest xmlns:android="http://schemas.android.com/apk/res/android"
3    package="com.fbfashions"
4    android:versionCode="1579343927"
5    android:versionName="1.2.5" >
6
7    <uses-sdk
8        android:minSdkVersion="16"
8-->src\main\AndroidManifest.xml
9        android:targetSdkVersion="28" />
9-->src\main\AndroidManifest.xml
10
11    <uses-permission android:name="android.permission.INTERNET" />
11-->src\main\AndroidManifest.xml:4:5-66
11-->src\main\AndroidManifest.xml:4:22-64
12    <uses-permission android:name="android.permission.ACCESS_NETWORK_STATE" />
12-->[:react-native-community_netinfo] AndroidManifest.xml:9:5-79
12-->[:react-native-community_netinfo] AndroidManifest.xml:9:22-76
13    <uses-permission android:name="android.permission.ACCESS_WIFI_STATE" />
13-->[:react-native-community_netinfo] AndroidManifest.xml:10:5-76
13-->[:react-native-community_netinfo] AndroidManifest.xml:10:22-73
14    <uses-permission android:name="android.permission.WAKE_LOCK" /> <!-- Create a unique permission for your app and use it so only your app can receive your OneSignal messages. -->
14-->[:react-native-firebase_auth] AndroidManifest.xml:12:5-68
14-->[:react-native-firebase_auth] AndroidManifest.xml:12:22-65
15    <permission
15-->[com.onesignal:OneSignal:3.13.1] AndroidManifest.xml:7:5-9:47
16        android:name="com.fbfashions.permission.C2D_MESSAGE"
16-->[com.onesignal:OneSignal:3.13.1] AndroidManifest.xml:8:9-63
17        android:protectionLevel="signature" />
17-->[com.onesignal:OneSignal:3.13.1] AndroidManifest.xml:9:9-44
18
19    <uses-permission android:name="com.fbfashions.permission.C2D_MESSAGE" />
19-->[com.onesignal:OneSignal:3.13.1] AndroidManifest.xml:11:5-79
19-->[com.onesignal:OneSignal:3.13.1] AndroidManifest.xml:11:22-76
20    <uses-permission android:name="com.google.android.c2dm.permission.RECEIVE" />
20-->[com.onesignal:OneSignal:3.13.1] AndroidManifest.xml:17:5-82
20-->[com.onesignal:OneSignal:3.13.1] AndroidManifest.xml:17:22-79
21    <!--
22 Required so the device vibrates on receiving a push notification.
23         Vibration settings of the device still apply.
24    -->
25    <uses-permission android:name="android.permission.VIBRATE" />
25-->[com.onesignal:OneSignal:3.13.1] AndroidManifest.xml:23:5-66
25-->[com.onesignal:OneSignal:3.13.1] AndroidManifest.xml:23:22-63
26    <!--
27 Use to restore notifications the user hasn't interacted with.
28         They could be missed notifications if the user reboots their device if this isn't in place.
29    -->
30    <uses-permission android:name="android.permission.RECEIVE_BOOT_COMPLETED" /> <!-- START: ShortcutBadger -->
30-->[com.onesignal:OneSignal:3.13.1] AndroidManifest.xml:29:5-81
30-->[com.onesignal:OneSignal:3.13.1] AndroidManifest.xml:29:22-78
31    <!-- Samsung -->
32    <uses-permission android:name="com.sec.android.provider.badge.permission.READ" />
32-->[com.onesignal:OneSignal:3.13.1] AndroidManifest.xml:31:5-86
32-->[com.onesignal:OneSignal:3.13.1] AndroidManifest.xml:31:22-83
33    <uses-permission android:name="com.sec.android.provider.badge.permission.WRITE" /> <!-- HTC -->
33-->[com.onesignal:OneSignal:3.13.1] AndroidManifest.xml:32:5-87
33-->[com.onesignal:OneSignal:3.13.1] AndroidManifest.xml:32:22-84
34    <uses-permission android:name="com.htc.launcher.permission.READ_SETTINGS" />
34-->[com.onesignal:OneSignal:3.13.1] AndroidManifest.xml:33:5-81
34-->[com.onesignal:OneSignal:3.13.1] AndroidManifest.xml:33:22-78
35    <uses-permission android:name="com.htc.launcher.permission.UPDATE_SHORTCUT" /> <!-- Sony -->
35-->[com.onesignal:OneSignal:3.13.1] AndroidManifest.xml:34:5-83
35-->[com.onesignal:OneSignal:3.13.1] AndroidManifest.xml:34:22-80
36    <uses-permission android:name="com.sonyericsson.home.permission.BROADCAST_BADGE" />
36-->[com.onesignal:OneSignal:3.13.1] AndroidManifest.xml:35:5-88
36-->[com.onesignal:OneSignal:3.13.1] AndroidManifest.xml:35:22-85
37    <uses-permission android:name="com.sonymobile.home.permission.PROVIDER_INSERT_BADGE" /> <!-- Apex -->
37-->[com.onesignal:OneSignal:3.13.1] AndroidManifest.xml:36:5-92
37-->[com.onesignal:OneSignal:3.13.1] AndroidManifest.xml:36:22-89
38    <uses-permission android:name="com.anddoes.launcher.permission.UPDATE_COUNT" /> <!-- Solid -->
38-->[com.onesignal:OneSignal:3.13.1] AndroidManifest.xml:37:5-84
38-->[com.onesignal:OneSignal:3.13.1] AndroidManifest.xml:37:22-81
39    <uses-permission android:name="com.majeur.launcher.permission.UPDATE_BADGE" /> <!-- Huawei -->
39-->[com.onesignal:OneSignal:3.13.1] AndroidManifest.xml:38:5-83
39-->[com.onesignal:OneSignal:3.13.1] AndroidManifest.xml:38:22-80
40    <uses-permission android:name="com.huawei.android.launcher.permission.CHANGE_BADGE" />
40-->[com.onesignal:OneSignal:3.13.1] AndroidManifest.xml:39:5-91
40-->[com.onesignal:OneSignal:3.13.1] AndroidManifest.xml:39:22-88
41    <uses-permission android:name="com.huawei.android.launcher.permission.READ_SETTINGS" />
41-->[com.onesignal:OneSignal:3.13.1] AndroidManifest.xml:40:5-92
41-->[com.onesignal:OneSignal:3.13.1] AndroidManifest.xml:40:22-89
42    <uses-permission android:name="com.huawei.android.launcher.permission.WRITE_SETTINGS" /> <!-- ZUK -->
42-->[com.onesignal:OneSignal:3.13.1] AndroidManifest.xml:41:5-93
42-->[com.onesignal:OneSignal:3.13.1] AndroidManifest.xml:41:22-90
43    <uses-permission android:name="android.permission.READ_APP_BADGE" /> <!-- OPPO -->
43-->[com.onesignal:OneSignal:3.13.1] AndroidManifest.xml:42:5-73
43-->[com.onesignal:OneSignal:3.13.1] AndroidManifest.xml:42:22-70
44    <uses-permission android:name="com.oppo.launcher.permission.READ_SETTINGS" />
44-->[com.onesignal:OneSignal:3.13.1] AndroidManifest.xml:43:5-82
44-->[com.onesignal:OneSignal:3.13.1] AndroidManifest.xml:43:22-79
45    <uses-permission android:name="com.oppo.launcher.permission.WRITE_SETTINGS" /> <!-- EvMe -->
45-->[com.onesignal:OneSignal:3.13.1] AndroidManifest.xml:44:5-83
45-->[com.onesignal:OneSignal:3.13.1] AndroidManifest.xml:44:22-80
46    <uses-permission android:name="me.everything.badger.permission.BADGE_COUNT_READ" />
46-->[com.onesignal:OneSignal:3.13.1] AndroidManifest.xml:45:5-88
46-->[com.onesignal:OneSignal:3.13.1] AndroidManifest.xml:45:22-85
47    <uses-permission android:name="me.everything.badger.permission.BADGE_COUNT_WRITE" />
47-->[com.onesignal:OneSignal:3.13.1] AndroidManifest.xml:46:5-89
47-->[com.onesignal:OneSignal:3.13.1] AndroidManifest.xml:46:22-86
48    <uses-permission android:name="com.google.android.finsky.permission.BIND_GET_INSTALL_REFERRER_SERVICE" />
48-->[com.google.android.gms:play-services-measurement:17.2.1] AndroidManifest.xml:26:5-110
48-->[com.google.android.gms:play-services-measurement:17.2.1] AndroidManifest.xml:26:22-107
49
50    <application
50-->src\main\AndroidManifest.xml:6:5-40:19
51        android:name="com.fbfashions.MainApplication"
51-->src\main\AndroidManifest.xml:7:13-58
52        android:allowBackup="false"
52-->src\main\AndroidManifest.xml:11:13-40
53        android:appComponentFactory="androidx.core.app.CoreComponentFactory"
53-->[androidx.core:core:1.5.0-alpha01] AndroidManifest.xml:24:18-86
54        android:hardwareAccelerated="false"
54-->src\main\AndroidManifest.xml:13:13-48
55        android:icon="@mipmap/ic_launcher"
55-->src\main\AndroidManifest.xml:9:13-47
56        android:label="@string/app_name"
56-->src\main\AndroidManifest.xml:8:13-45
57        android:roundIcon="@mipmap/ic_launcher_round"
57-->src\main\AndroidManifest.xml:10:13-58
58        android:supportsRtl="true"
58-->[com.facebook.android:facebook-login:5.15.3] AndroidManifest.xml:28:18-44
59        android:theme="@style/AppTheme" >
59-->src\main\AndroidManifest.xml:12:13-44
60        <activity
60-->src\main\AndroidManifest.xml:15:9-23:20
61            android:name="com.fbfashions.SplashActivity"
61-->src\main\AndroidManifest.xml:16:17-61
62            android:label="@string/app_name"
62-->src\main\AndroidManifest.xml:18:17-49
63            android:theme="@style/SplashTheme" >
63-->src\main\AndroidManifest.xml:17:17-51
64            <intent-filter>
64-->src\main\AndroidManifest.xml:19:13-22:29
65                <action android:name="android.intent.action.MAIN" />
65-->src\main\AndroidManifest.xml:20:17-68
65-->src\main\AndroidManifest.xml:20:25-66
66
67                <category android:name="android.intent.category.LAUNCHER" />
67-->src\main\AndroidManifest.xml:21:17-76
67-->src\main\AndroidManifest.xml:21:27-74
68            </intent-filter>
69        </activity>
70        <activity
70-->src\main\AndroidManifest.xml:25:9-33:11
71            android:name="com.fbfashions.MainActivity"
71-->src\main\AndroidManifest.xml:26:17-59
72            android:configChanges="keyboard|keyboardHidden|orientation|screenSize"
72-->src\main\AndroidManifest.xml:29:17-87
73            android:exported="true"
73-->src\main\AndroidManifest.xml:32:17-40
74            android:label="@string/app_name"
74-->src\main\AndroidManifest.xml:27:17-49
75            android:launchMode="singleTop"
75-->src\main\AndroidManifest.xml:30:17-47
76            android:screenOrientation="portrait"
76-->src\main\AndroidManifest.xml:28:17-53
77            android:windowSoftInputMode="adjustResize" />
77-->src\main\AndroidManifest.xml:31:17-59
78        <activity android:name="com.facebook.react.devsupport.DevSettingsActivity" />
78-->src\main\AndroidManifest.xml:35:9-85
78-->src\main\AndroidManifest.xml:35:19-83
79
80        <meta-data
80-->src\main\AndroidManifest.xml:36:9-107
81            android:name="com.facebook.sdk.ApplicationId"
81-->src\main\AndroidManifest.xml:36:20-65
82            android:value="@string/facebook_app_id" />
82-->src\main\AndroidManifest.xml:36:66-105
83        <meta-data
83-->src\main\AndroidManifest.xml:37:9-39:74
84            android:name="com.google.android.geo.API_KEY"
84-->src\main\AndroidManifest.xml:38:17-62
85            android:value="AIzaSyASrXvo8u4D_EV9kgz-2iEnZ0XgDJuIVnk" />
85-->src\main\AndroidManifest.xml:39:17-72
86
87        <provider
87-->[:react-native-webview] AndroidManifest.xml:12:9-20:20
88            android:name="com.reactnativecommunity.webview.RNCWebViewFileProvider"
88-->[:react-native-webview] AndroidManifest.xml:13:13-83
89            android:authorities="com.fbfashions.fileprovider"
89-->[:react-native-webview] AndroidManifest.xml:14:13-64
90            android:exported="false"
90-->[:react-native-webview] AndroidManifest.xml:15:13-37
91            android:grantUriPermissions="true" >
91-->[:react-native-webview] AndroidManifest.xml:16:13-47
92            <meta-data
92-->[:react-native-webview] AndroidManifest.xml:17:13-19:63
93                android:name="android.support.FILE_PROVIDER_PATHS"
93-->[:react-native-webview] AndroidManifest.xml:18:17-67
94                android:resource="@xml/file_provider_paths" />
94-->[:react-native-webview] AndroidManifest.xml:19:17-60
95        </provider>
96
97        <activity
97-->[com.google.firebase:firebase-auth:19.3.1] AndroidManifest.xml:24:9-31:50
98            android:name="com.google.firebase.auth.internal.FederatedSignInActivity"
98-->[com.google.firebase:firebase-auth:19.3.1] AndroidManifest.xml:25:13-85
99            android:excludeFromRecents="true"
99-->[com.google.firebase:firebase-auth:19.3.1] AndroidManifest.xml:26:13-46
100            android:exported="true"
100-->[com.google.firebase:firebase-auth:19.3.1] AndroidManifest.xml:27:13-36
101            android:launchMode="singleTask"
101-->[com.google.firebase:firebase-auth:19.3.1] AndroidManifest.xml:28:13-44
102            android:permission="com.google.firebase.auth.api.gms.permission.LAUNCH_FEDERATED_SIGN_IN"
102-->[com.google.firebase:firebase-auth:19.3.1] AndroidManifest.xml:29:13-102
103            android:theme="@android:style/Theme.Translucent.NoTitleBar" />
103-->[com.google.firebase:firebase-auth:19.3.1] AndroidManifest.xml:30:13-72
104
105        <service
105-->[com.google.firebase:firebase-auth:19.3.1] AndroidManifest.xml:33:9-39:19
106            android:name="com.google.firebase.components.ComponentDiscoveryService"
106-->[com.google.firebase:firebase-auth:19.3.1] AndroidManifest.xml:34:13-84
107            android:directBootAware="true"
107-->[com.google.firebase:firebase-common:19.3.0] AndroidManifest.xml:34:13-43
108            android:exported="false" >
108-->[com.google.firebase:firebase-auth:19.3.1] AndroidManifest.xml:35:13-37
109            <meta-data
109-->[com.google.firebase:firebase-auth:19.3.1] AndroidManifest.xml:36:13-38:85
110                android:name="com.google.firebase.components:com.google.firebase.auth.FirebaseAuthRegistrar"
110-->[com.google.firebase:firebase-auth:19.3.1] AndroidManifest.xml:37:17-109
111                android:value="com.google.firebase.components.ComponentRegistrar" />
111-->[com.google.firebase:firebase-auth:19.3.1] AndroidManifest.xml:38:17-82
112            <meta-data
112-->[com.google.android.gms:play-services-measurement-api:17.2.1] AndroidManifest.xml:30:13-32:85
113                android:name="com.google.firebase.components:com.google.firebase.analytics.connector.internal.AnalyticsConnectorRegistrar"
113-->[com.google.android.gms:play-services-measurement-api:17.2.1] AndroidManifest.xml:31:17-139
114                android:value="com.google.firebase.components.ComponentRegistrar" />
114-->[com.google.android.gms:play-services-measurement-api:17.2.1] AndroidManifest.xml:32:17-82
115            <meta-data
115-->[com.google.firebase:firebase-iid:20.0.1] AndroidManifest.xml:32:13-34:85
116                android:name="com.google.firebase.components:com.google.firebase.iid.Registrar"
116-->[com.google.firebase:firebase-iid:20.0.1] AndroidManifest.xml:33:17-96
117                android:value="com.google.firebase.components.ComponentRegistrar" />
117-->[com.google.firebase:firebase-iid:20.0.1] AndroidManifest.xml:34:17-82
118        </service>
119
120        <activity
120-->[com.facebook.android:facebook-common:5.15.3] AndroidManifest.xml:30:9-33:66
121            android:name="com.facebook.FacebookActivity"
121-->[com.facebook.android:facebook-common:5.15.3] AndroidManifest.xml:31:13-57
122            android:configChanges="keyboard|keyboardHidden|screenLayout|screenSize|orientation"
122-->[com.facebook.android:facebook-common:5.15.3] AndroidManifest.xml:32:13-96
123            android:theme="@style/com_facebook_activity_theme" />
123-->[com.facebook.android:facebook-common:5.15.3] AndroidManifest.xml:33:13-63
124        <activity android:name="com.facebook.CustomTabMainActivity" />
124-->[com.facebook.android:facebook-common:5.15.3] AndroidManifest.xml:34:9-71
124-->[com.facebook.android:facebook-common:5.15.3] AndroidManifest.xml:34:19-68
125        <activity
125-->[com.facebook.android:facebook-common:5.15.3] AndroidManifest.xml:35:9-49:20
126            android:name="com.facebook.CustomTabActivity"
126-->[com.facebook.android:facebook-common:5.15.3] AndroidManifest.xml:36:13-58
127            android:exported="true" >
127-->[com.facebook.android:facebook-common:5.15.3] AndroidManifest.xml:37:13-36
128            <intent-filter>
128-->[com.facebook.android:facebook-common:5.15.3] AndroidManifest.xml:39:13-48:29
129                <action android:name="android.intent.action.VIEW" />
129-->[com.facebook.android:facebook-common:5.15.3] AndroidManifest.xml:40:17-69
129-->[com.facebook.android:facebook-common:5.15.3] AndroidManifest.xml:40:25-66
130
131                <category android:name="android.intent.category.DEFAULT" />
131-->[com.facebook.android:facebook-common:5.15.3] AndroidManifest.xml:42:17-76
131-->[com.facebook.android:facebook-common:5.15.3] AndroidManifest.xml:42:27-73
132                <category android:name="android.intent.category.BROWSABLE" />
132-->[com.facebook.android:facebook-common:5.15.3] AndroidManifest.xml:43:17-78
132-->[com.facebook.android:facebook-common:5.15.3] AndroidManifest.xml:43:27-75
133
134                <data
134-->[com.facebook.android:facebook-common:5.15.3] AndroidManifest.xml:45:17-47:50
135                    android:host="cct.com.fbfashions"
135-->[com.facebook.android:facebook-common:5.15.3] AndroidManifest.xml:46:21-56
136                    android:scheme="fbconnect" />
136-->[com.facebook.android:facebook-common:5.15.3] AndroidManifest.xml:47:21-47
137            </intent-filter>
138        </activity>
139
140        <meta-data
140-->[com.onesignal:OneSignal:3.13.1] AndroidManifest.xml:49:9-51:51
141            android:name="onesignal_app_id"
141-->[com.onesignal:OneSignal:3.13.1] AndroidManifest.xml:50:13-44
142            android:value="" /> <!-- Deprecated - Pulled from OneSignal dashboard. -->
142-->[com.onesignal:OneSignal:3.13.1] AndroidManifest.xml:51:13-48
143        <meta-data
143-->[com.onesignal:OneSignal:3.13.1] AndroidManifest.xml:53:9-55:70
144            android:name="onesignal_google_project_number"
144-->[com.onesignal:OneSignal:3.13.1] AndroidManifest.xml:54:13-59
145            android:value="str:REMOTE" />
145-->[com.onesignal:OneSignal:3.13.1] AndroidManifest.xml:55:13-67
146
147        <receiver
147-->[com.onesignal:OneSignal:3.13.1] AndroidManifest.xml:57:9-67:20
148            android:name="com.onesignal.GcmBroadcastReceiver"
148-->[com.onesignal:OneSignal:3.13.1] AndroidManifest.xml:58:13-62
149            android:permission="com.google.android.c2dm.permission.SEND" >
149-->[com.onesignal:OneSignal:3.13.1] AndroidManifest.xml:59:13-73
150
151            <!-- High priority so OneSignal payloads can be filtered from other GCM receivers if filterOtherGCMReceivers is enabled. -->
152            <intent-filter android:priority="999" >
152-->[com.onesignal:OneSignal:3.13.1] AndroidManifest.xml:62:13-66:29
152-->[com.onesignal:OneSignal:3.13.1] AndroidManifest.xml:62:28-50
153                <action android:name="com.google.android.c2dm.intent.RECEIVE" />
153-->[com.onesignal:OneSignal:3.13.1] AndroidManifest.xml:63:17-81
153-->[com.onesignal:OneSignal:3.13.1] AndroidManifest.xml:63:25-78
154
155                <category android:name="com.fbfashions" />
155-->[com.onesignal:OneSignal:3.13.1] AndroidManifest.xml:65:17-61
155-->[com.onesignal:OneSignal:3.13.1] AndroidManifest.xml:65:27-58
156            </intent-filter>
157        </receiver>
158        <receiver android:name="com.onesignal.NotificationOpenedReceiver" />
158-->[com.onesignal:OneSignal:3.13.1] AndroidManifest.xml:68:9-77
158-->[com.onesignal:OneSignal:3.13.1] AndroidManifest.xml:68:19-74
159
160        <service android:name="com.onesignal.GcmIntentService" />
160-->[com.onesignal:OneSignal:3.13.1] AndroidManifest.xml:70:9-66
160-->[com.onesignal:OneSignal:3.13.1] AndroidManifest.xml:70:18-63
161        <service
161-->[com.onesignal:OneSignal:3.13.1] AndroidManifest.xml:71:9-73:72
162            android:name="com.onesignal.GcmIntentJobService"
162-->[com.onesignal:OneSignal:3.13.1] AndroidManifest.xml:72:13-61
163            android:permission="android.permission.BIND_JOB_SERVICE" />
163-->[com.onesignal:OneSignal:3.13.1] AndroidManifest.xml:73:13-69
164        <service
164-->[com.onesignal:OneSignal:3.13.1] AndroidManifest.xml:74:9-76:72
165            android:name="com.onesignal.RestoreJobService"
165-->[com.onesignal:OneSignal:3.13.1] AndroidManifest.xml:75:13-59
166            android:permission="android.permission.BIND_JOB_SERVICE" />
166-->[com.onesignal:OneSignal:3.13.1] AndroidManifest.xml:76:13-69
167        <service
167-->[com.onesignal:OneSignal:3.13.1] AndroidManifest.xml:77:9-79:72
168            android:name="com.onesignal.RestoreKickoffJobService"
168-->[com.onesignal:OneSignal:3.13.1] AndroidManifest.xml:78:13-66
169            android:permission="android.permission.BIND_JOB_SERVICE" />
169-->[com.onesignal:OneSignal:3.13.1] AndroidManifest.xml:79:13-69
170        <service
170-->[com.onesignal:OneSignal:3.13.1] AndroidManifest.xml:80:9-82:43
171            android:name="com.onesignal.SyncService"
171-->[com.onesignal:OneSignal:3.13.1] AndroidManifest.xml:81:13-53
172            android:stopWithTask="true" />
172-->[com.onesignal:OneSignal:3.13.1] AndroidManifest.xml:82:13-40
173        <service
173-->[com.onesignal:OneSignal:3.13.1] AndroidManifest.xml:83:9-85:72
174            android:name="com.onesignal.SyncJobService"
174-->[com.onesignal:OneSignal:3.13.1] AndroidManifest.xml:84:13-56
175            android:permission="android.permission.BIND_JOB_SERVICE" />
175-->[com.onesignal:OneSignal:3.13.1] AndroidManifest.xml:85:13-69
176
177        <activity
177-->[com.onesignal:OneSignal:3.13.1] AndroidManifest.xml:87:9-89:75
178            android:name="com.onesignal.PermissionsActivity"
178-->[com.onesignal:OneSignal:3.13.1] AndroidManifest.xml:88:13-61
179            android:theme="@android:style/Theme.Translucent.NoTitleBar" />
179-->[com.onesignal:OneSignal:3.13.1] AndroidManifest.xml:89:13-72
180
181        <service android:name="com.onesignal.NotificationRestoreService" />
181-->[com.onesignal:OneSignal:3.13.1] AndroidManifest.xml:91:9-76
181-->[com.onesignal:OneSignal:3.13.1] AndroidManifest.xml:91:18-73
182
183        <receiver android:name="com.onesignal.BootUpReceiver" >
183-->[com.onesignal:OneSignal:3.13.1] AndroidManifest.xml:93:9-98:20
183-->[com.onesignal:OneSignal:3.13.1] AndroidManifest.xml:93:19-62
184            <intent-filter>
184-->[com.onesignal:OneSignal:3.13.1] AndroidManifest.xml:94:13-97:29
185                <action android:name="android.intent.action.BOOT_COMPLETED" />
185-->[com.onesignal:OneSignal:3.13.1] AndroidManifest.xml:95:17-79
185-->[com.onesignal:OneSignal:3.13.1] AndroidManifest.xml:95:25-76
186                <action android:name="android.intent.action.QUICKBOOT_POWERON" />
186-->[com.onesignal:OneSignal:3.13.1] AndroidManifest.xml:96:17-82
186-->[com.onesignal:OneSignal:3.13.1] AndroidManifest.xml:96:25-79
187            </intent-filter>
188        </receiver>
189        <receiver android:name="com.onesignal.UpgradeReceiver" >
189-->[com.onesignal:OneSignal:3.13.1] AndroidManifest.xml:99:9-103:20
189-->[com.onesignal:OneSignal:3.13.1] AndroidManifest.xml:99:19-63
190            <intent-filter>
190-->[com.onesignal:OneSignal:3.13.1] AndroidManifest.xml:100:13-102:29
191                <action android:name="android.intent.action.MY_PACKAGE_REPLACED" />
191-->[com.onesignal:OneSignal:3.13.1] AndroidManifest.xml:101:17-84
191-->[com.onesignal:OneSignal:3.13.1] AndroidManifest.xml:101:25-81
192            </intent-filter>
193        </receiver>
194        <!--
195         The initialization ContentProvider will call FacebookSdk.sdkInitialize automatically
196         with the application context. This config is merged in with the host app's manifest,
197         but there can only be one provider with the same authority activated at any given
198         point; so if the end user has two or more different apps that use Facebook SDK, only the
199         first one will be able to use the provider. To work around this problem, we use the
200         following placeholder in the authority to identify each host application as if it was
201         a completely different provider.
202        -->
203        <provider
203-->[com.facebook.android:facebook-core:5.15.3] AndroidManifest.xml:39:9-42:40
204            android:name="com.facebook.internal.FacebookInitProvider"
204-->[com.facebook.android:facebook-core:5.15.3] AndroidManifest.xml:40:13-70
205            android:authorities="com.fbfashions.FacebookInitProvider"
205-->[com.facebook.android:facebook-core:5.15.3] AndroidManifest.xml:41:13-72
206            android:exported="false" />
206-->[com.facebook.android:facebook-core:5.15.3] AndroidManifest.xml:42:13-37
207
208        <receiver
208-->[com.facebook.android:facebook-core:5.15.3] AndroidManifest.xml:44:9-50:20
209            android:name="com.facebook.CurrentAccessTokenExpirationBroadcastReceiver"
209-->[com.facebook.android:facebook-core:5.15.3] AndroidManifest.xml:45:13-86
210            android:exported="false" >
210-->[com.facebook.android:facebook-core:5.15.3] AndroidManifest.xml:46:13-37
211            <intent-filter>
211-->[com.facebook.android:facebook-core:5.15.3] AndroidManifest.xml:47:13-49:29
212                <action android:name="com.facebook.sdk.ACTION_CURRENT_ACCESS_TOKEN_CHANGED" />
212-->[com.facebook.android:facebook-core:5.15.3] AndroidManifest.xml:48:17-95
212-->[com.facebook.android:facebook-core:5.15.3] AndroidManifest.xml:48:25-92
213            </intent-filter>
214        </receiver>
215
216        <activity
216-->[com.google.android.gms:play-services-auth:17.0.0] AndroidManifest.xml:23:9-27:75
217            android:name="com.google.android.gms.auth.api.signin.internal.SignInHubActivity"
217-->[com.google.android.gms:play-services-auth:17.0.0] AndroidManifest.xml:24:13-93
218            android:excludeFromRecents="true"
218-->[com.google.android.gms:play-services-auth:17.0.0] AndroidManifest.xml:25:13-46
219            android:exported="false"
219-->[com.google.android.gms:play-services-auth:17.0.0] AndroidManifest.xml:26:13-37
220            android:theme="@android:style/Theme.Translucent.NoTitleBar" />
220-->[com.google.android.gms:play-services-auth:17.0.0] AndroidManifest.xml:27:13-72
221        <!--
222            Service handling Google Sign-In user revocation. For apps that do not integrate with
223            Google Sign-In, this service will never be started.
224        -->
225        <service
225-->[com.google.android.gms:play-services-auth:17.0.0] AndroidManifest.xml:33:9-36:110
226            android:name="com.google.android.gms.auth.api.signin.RevocationBoundService"
226-->[com.google.android.gms:play-services-auth:17.0.0] AndroidManifest.xml:34:13-89
227            android:exported="true"
227-->[com.google.android.gms:play-services-auth:17.0.0] AndroidManifest.xml:35:13-36
228            android:permission="com.google.android.gms.auth.api.signin.permission.REVOCATION_NOTIFICATION" />
228-->[com.google.android.gms:play-services-auth:17.0.0] AndroidManifest.xml:36:13-107
229        <!--
230             FirebaseMessagingService performs security checks at runtime,
231             but set to not exported to explicitly avoid allowing another app to call it.
232        -->
233        <service
233-->[com.google.firebase:firebase-messaging:20.0.1] AndroidManifest.xml:28:9-34:19
234            android:name="com.google.firebase.messaging.FirebaseMessagingService"
234-->[com.google.firebase:firebase-messaging:20.0.1] AndroidManifest.xml:29:13-82
235            android:exported="false" >
235-->[com.google.firebase:firebase-messaging:20.0.1] AndroidManifest.xml:30:13-37
236            <intent-filter android:priority="-500" >
236-->[com.google.firebase:firebase-messaging:20.0.1] AndroidManifest.xml:31:13-33:29
236-->[com.google.firebase:firebase-messaging:20.0.1] AndroidManifest.xml:31:28-51
237                <action android:name="com.google.firebase.MESSAGING_EVENT" />
237-->[com.google.firebase:firebase-messaging:20.0.1] AndroidManifest.xml:32:17-78
237-->[com.google.firebase:firebase-messaging:20.0.1] AndroidManifest.xml:32:25-75
238            </intent-filter>
239        </service>
240
241        <receiver
241-->[com.google.firebase:firebase-iid:20.0.1] AndroidManifest.xml:37:9-44:20
242            android:name="com.google.firebase.iid.FirebaseInstanceIdReceiver"
242-->[com.google.firebase:firebase-iid:20.0.1] AndroidManifest.xml:38:13-78
243            android:exported="true"
243-->[com.google.firebase:firebase-iid:20.0.1] AndroidManifest.xml:39:13-36
244            android:permission="com.google.android.c2dm.permission.SEND" >
244-->[com.google.firebase:firebase-iid:20.0.1] AndroidManifest.xml:40:13-73
245            <intent-filter>
245-->[com.google.firebase:firebase-iid:20.0.1] AndroidManifest.xml:41:13-43:29
246                <action android:name="com.google.android.c2dm.intent.RECEIVE" />
246-->[com.onesignal:OneSignal:3.13.1] AndroidManifest.xml:63:17-81
246-->[com.onesignal:OneSignal:3.13.1] AndroidManifest.xml:63:25-78
247            </intent-filter>
248        </receiver>
249
250        <activity
250-->[com.google.android.gms:play-services-base:17.1.0] AndroidManifest.xml:23:9-26:75
251            android:name="com.google.android.gms.common.api.GoogleApiActivity"
251-->[com.google.android.gms:play-services-base:17.1.0] AndroidManifest.xml:24:13-79
252            android:exported="false"
252-->[com.google.android.gms:play-services-base:17.1.0] AndroidManifest.xml:25:13-37
253            android:theme="@android:style/Theme.Translucent.NoTitleBar" />
253-->[com.google.android.gms:play-services-base:17.1.0] AndroidManifest.xml:26:13-72
254
255        <provider
255-->[com.google.firebase:firebase-common:19.3.0] AndroidManifest.xml:26:9-30:39
256            android:name="com.google.firebase.provider.FirebaseInitProvider"
256-->[com.google.firebase:firebase-common:19.3.0] AndroidManifest.xml:27:13-77
257            android:authorities="com.fbfashions.firebaseinitprovider"
257-->[com.google.firebase:firebase-common:19.3.0] AndroidManifest.xml:28:13-72
258            android:exported="false"
258-->[com.google.firebase:firebase-common:19.3.0] AndroidManifest.xml:29:13-37
259            android:initOrder="100" />
259-->[com.google.firebase:firebase-common:19.3.0] AndroidManifest.xml:30:13-36
260
261        <receiver
261-->[com.google.android.gms:play-services-measurement:17.2.1] AndroidManifest.xml:29:9-33:20
262            android:name="com.google.android.gms.measurement.AppMeasurementReceiver"
262-->[com.google.android.gms:play-services-measurement:17.2.1] AndroidManifest.xml:30:13-85
263            android:enabled="true"
263-->[com.google.android.gms:play-services-measurement:17.2.1] AndroidManifest.xml:31:13-35
264            android:exported="false" >
264-->[com.google.android.gms:play-services-measurement:17.2.1] AndroidManifest.xml:32:13-37
265        </receiver>
266        <receiver
266-->[com.google.android.gms:play-services-measurement:17.2.1] AndroidManifest.xml:34:9-42:20